<?xml version="1.0" encoding="utf-8"?>
<Application_Log xmlns:xsi="http://www.w3.org/2001/XMLSchema-instance" xmlns:xsd="http://www.w3.org/2001/XMLSchema">
  <Errors>0</Errors>
  <Warnings>0</Warnings>
  <Messages>
    <Message>
      <Category>Detail</Category>
      <TimeStamp>2018-09-04T13:38:45.8852949-05:00</TimeStamp>
      <Text>Loading MotoTuneDll xml format: C:\Users\maxar\Documents\GitHub\Wisconsin-Hybrid\Mooventure2016_Rev5\Mooventure2016_Rev5_Build\TDB\Mooventur_215.xml</Text>
    </Message>
    <Message>
      <Category>Detail</Category>
      <TimeStamp>2018-09-04T13:38:46.0952288-05:00</TimeStamp>
      <Text>Generating ASAP2 objects</Text>
    </Message>
    <Message>
      <Category>Detail</Category>
      <TimeStamp>2018-09-04T13:38:46.219189-05:00</TimeStamp>
      <Text>Creating Address Updater: VirtualCalSpace</Text>
    </Message>
    <Message>
      <Category>Detail</Category>
      <TimeStamp>2018-09-04T13:38:46.2231872-05:00</TimeStamp>
      <Text>Updating ASAP2 addresses</Text>
    </Message>
    <Message>
      <Category>Detail</Category>
      <TimeStamp>2018-09-04T13:38:46.2551768-05:00</TimeStamp>
      <Text>Saving ASAP2 file: C:\Users\maxar\Documents\GitHub\Wisconsin-Hybrid\Mooventure2016_Rev5\Mooventure2016_Rev5_Build\TDB\Mooventur_215.a2l</Text>
    </Message>
    <Message>
      <Category>Detail</Category>
      <TimeStamp>2018-09-04T13:38:46.4731081-05:00</TimeStamp>
      <Text>Loading transform: C:\Program Files (x86)\Woodward\MCS\MotoHawk\2011a_sp0.184\Bin\ASAP2.xslt</Text>
    </Message>
    <Message>
      <Category>Detail</Category>
      <TimeStamp>2018-09-04T13:38:47.075931-05:00</TimeStamp>
      <Text>Generated 856 Measurements</Text>
    </Message>
    <Message>
      <Category>Detail</Category>
      <TimeStamp>2018-09-04T13:38:47.075931-05:00</TimeStamp>
      <Text>Generated 2003 Characteristics</Text>
    </Message>
  </Messages>
</Application_Log>