<?xml version="1.0" encoding="utf-8"?>
<Application_Log xmlns:xsi="http://www.w3.org/2001/XMLSchema-instance" xmlns:xsd="http://www.w3.org/2001/XMLSchema">
  <Errors>0</Errors>
  <Warnings>0</Warnings>
  <Messages>
    <Message>
      <Category>Detail</Category>
      <TimeStamp>2018-08-25T21:20:51.3706036-04:00</TimeStamp>
      <Text>Loading MotoTuneDll xml format: C:\Users\maxar\Documents\GitHub\Wisconsin-Hybrid\Mooventure2016_Rev5\Mooventure2016_Rev5_Build\TDB\Mooventur_214.xml</Text>
    </Message>
    <Message>
      <Category>Detail</Category>
      <TimeStamp>2018-08-25T21:20:51.7193858-04:00</TimeStamp>
      <Text>Generating ASAP2 objects</Text>
    </Message>
    <Message>
      <Category>Detail</Category>
      <TimeStamp>2018-08-25T21:20:51.9152656-04:00</TimeStamp>
      <Text>Creating Address Updater: VirtualCalSpace</Text>
    </Message>
    <Message>
      <Category>Detail</Category>
      <TimeStamp>2018-08-25T21:20:51.9182632-04:00</TimeStamp>
      <Text>Updating ASAP2 addresses</Text>
    </Message>
    <Message>
      <Category>Detail</Category>
      <TimeStamp>2018-08-25T21:20:51.963236-04:00</TimeStamp>
      <Text>Saving ASAP2 file: C:\Users\maxar\Documents\GitHub\Wisconsin-Hybrid\Mooventure2016_Rev5\Mooventure2016_Rev5_Build\TDB\Mooventur_214.a2l</Text>
    </Message>
    <Message>
      <Category>Detail</Category>
      <TimeStamp>2018-08-25T21:20:52.3230144-04:00</TimeStamp>
      <Text>Loading transform: C:\Program Files (x86)\Woodward\MCS\MotoHawk\2011a_sp0.184\Bin\ASAP2.xslt</Text>
    </Message>
    <Message>
      <Category>Detail</Category>
      <TimeStamp>2018-08-25T21:20:53.0785477-04:00</TimeStamp>
      <Text>Generated 850 Measurements</Text>
    </Message>
    <Message>
      <Category>Detail</Category>
      <TimeStamp>2018-08-25T21:20:53.0785477-04:00</TimeStamp>
      <Text>Generated 2001 Characteristics</Text>
    </Message>
  </Messages>
</Application_Log>