<?xml version="1.0" encoding="utf-8"?>
<Application_Log xmlns:xsi="http://www.w3.org/2001/XMLSchema-instance" xmlns:xsd="http://www.w3.org/2001/XMLSchema">
  <Errors>0</Errors>
  <Warnings>0</Warnings>
  <Messages>
    <Message>
      <Category>Detail</Category>
      <TimeStamp>2018-09-07T09:44:05.3389234-05:00</TimeStamp>
      <Text>Loading MotoTuneDll xml format: C:\Users\maxar\Documents\GitHub\Wisconsin-Hybrid\BatteryController_Rev1\BatteryController_Rev1_Build\TDB\BatteryCo_074.xml</Text>
    </Message>
    <Message>
      <Category>Detail</Category>
      <TimeStamp>2018-09-07T09:44:05.6757813-05:00</TimeStamp>
      <Text>Generating ASAP2 objects</Text>
    </Message>
    <Message>
      <Category>Detail</Category>
      <TimeStamp>2018-09-07T09:44:05.7571269-05:00</TimeStamp>
      <Text>Creating Address Updater: VirtualCalSpace</Text>
    </Message>
    <Message>
      <Category>Detail</Category>
      <TimeStamp>2018-09-07T09:44:05.762616-05:00</TimeStamp>
      <Text>Updating ASAP2 addresses</Text>
    </Message>
    <Message>
      <Category>Detail</Category>
      <TimeStamp>2018-09-07T09:44:05.7995455-05:00</TimeStamp>
      <Text>Saving ASAP2 file: C:\Users\maxar\Documents\GitHub\Wisconsin-Hybrid\BatteryController_Rev1\BatteryController_Rev1_Build\TDB\BatteryCo_074.a2l</Text>
    </Message>
    <Message>
      <Category>Detail</Category>
      <TimeStamp>2018-09-07T09:44:06.1743293-05:00</TimeStamp>
      <Text>Loading transform: C:\Program Files (x86)\Woodward\MCS\MotoHawk\2011a_sp0.184\Bin\ASAP2.xslt</Text>
    </Message>
    <Message>
      <Category>Detail</Category>
      <TimeStamp>2018-09-07T09:44:07.0885875-05:00</TimeStamp>
      <Text>Generated 306 Measurements</Text>
    </Message>
    <Message>
      <Category>Detail</Category>
      <TimeStamp>2018-09-07T09:44:07.0885875-05:00</TimeStamp>
      <Text>Generated 216 Characteristics</Text>
    </Message>
  </Messages>
</Application_Log>