#
# An unexpected error has been detected by HotSpot Virtual Machine:
#
#  EXCEPTION_ACCESS_VIOLATION (0xc0000005) at pc=0x6d00b510, pid=3256, tid=3316
#
# Java VM: Java HotSpot(TM) Client VM (1.5.0_07-b03 mixed mode)
# Problematic frame:
# C  [awt.dll+0xb510]
#

---------------  T H R E A D  ---------------

Current thread (0x0e4ebd78):  JavaThread "AWT-EventQueue-0" [_thread_in_native, id=3316]

siginfo: ExceptionCode=0xc0000005, reading address 0x00007ffe

Registers:
EAX=0x00001ff8, EBX=0x12a30001, ECX=0x0000001e, EDX=0x0000001e
ESP=0x0f23f21c, EBP=0x0688d7e8, ESI=0x000000f8, EDI=0x00000006
EIP=0x6d00b510, EFLAGS=0x00090202

Top of Stack: (sp=0x0f23f21c)
0x0f23f21c:   fffffffa 0e4ebe38 6d11c3f8 00000006
0x0f23f22c:   ffffffff 6d130418 6d1303d8 00000000
0x0f23f23c:   00000000 00000002 6d001a56 00000038
0x0f23f24c:   0000015e 0000015e 00000002 6d130458
0x0f23f25c:   0f23f2cc 6d11c3f8 0f23f2c0 06877d10
0x0f23f26c:   00000115 0f23f3f8 0e4ebd78 0ed40bd0
0x0f23f27c:   00000006 6d11c3f8 00000000 0ed36540
0x0f23f28c:   00000006 00000267 00000164 00000269 

Instructions: (pc=0x6d00b510)
0x6d00b500:   e6 f8 c1 e0 05 c1 e9 03 03 c6 03 d1 83 c5 04 43
0x6d00b510:   8a 04 82 47 88 43 ff 8b 44 24 30 83 e7 07 48 89 


Stack: [0x0f1c0000,0x0f240000),  sp=0x0f23f21c,  free space=508k
Native frames: (J=compiled Java code, j=interpreted, Vv=VM code, C=native code)
C  [awt.dll+0xb510]

Java frames: (J=compiled Java code, j=interpreted, Vv=VM code)
J  sun.java2d.loops.Blit.Blit(Lsun/java2d/SurfaceData;Lsun/java2d/SurfaceData;Ljava/awt/Composite;Lsun/java2d/pipe/Region;IIIIII)V
J  sun.java2d.pipe.DrawImage.blitSurfaceData(Lsun/java2d/SunGraphics2D;Lsun/java2d/pipe/Region;Lsun/java2d/SurfaceData;Lsun/java2d/SurfaceData;Lsun/java2d/loops/SurfaceType;Lsun/java2d/loops/SurfaceType;IIIIIILjava/awt/Color;)V
J  sun.java2d.pipe.DrawImage.renderImageCopy(Lsun/java2d/SunGraphics2D;Ljava/awt/Image;Ljava/awt/Color;IIIIII)Z
J  sun.java2d.pipe.DrawImage.copyImage(Lsun/java2d/SunGraphics2D;Ljava/awt/Image;IILjava/awt/Color;)Z
J  sun.java2d.pipe.DrawImage.copyImage(Lsun/java2d/SunGraphics2D;Ljava/awt/Image;IILjava/awt/Color;Ljava/awt/image/ImageObserver;)Z
j  sun.java2d.pipe.ValidatePipe.copyImage(Lsun/java2d/SunGraphics2D;Ljava/awt/Image;IILjava/awt/Color;Ljava/awt/image/ImageObserver;)Z+21
J  sun.java2d.SunGraphics2D.drawImage(Ljava/awt/Image;IILjava/awt/Color;Ljava/awt/image/ImageObserver;)Z
J  sun.java2d.SunGraphics2D.drawImage(Ljava/awt/Image;IILjava/awt/image/ImageObserver;)Z
j  javax.swing.JViewport.blitDoubleBuffered(Ljavax/swing/JComponent;Ljava/awt/Graphics;IIIIIIIIIILjava/awt/Image;)V+125
j  javax.swing.JViewport.windowBlitPaint(Ljava/awt/Graphics;)Z+374
j  javax.swing.JViewport.setViewPosition(Ljava/awt/Point;)V+163
j  javax.swing.plaf.basic.BasicScrollPaneUI$Handler.vsbStateChanged(Ljavax/swing/JViewport;Ljavax/swing/event/ChangeEvent;)V+31
j  javax.swing.plaf.basic.BasicScrollPaneUI$Handler.stateChanged(Ljavax/swing/event/ChangeEvent;)V+98
J  javax.swing.DefaultBoundedRangeModel.fireStateChanged()V
J  javax.swing.DefaultBoundedRangeModel.setRangeProperties(IIIIZ)V
v  ~RuntimeStub::alignment_frame_return Runtime1 stub
j  javax.swing.DefaultBoundedRangeModel.setValue(I)V+62
j  javax.swing.JScrollBar.setValue(I)V+14
j  com.mathworks.mwswing.MJScrollPane$1.run()V+45
j  java.awt.event.InvocationEvent.dispatch()V+47
J  java.awt.EventQueue.dispatchEvent(Ljava/awt/AWTEvent;)V
J  java.awt.EventDispatchThread.pumpOneEventForHierarchy(ILjava/awt/Component;)Z
v  ~RuntimeStub::alignment_frame_return Runtime1 stub
j  java.awt.EventDispatchThread.pumpEventsForHierarchy(ILjava/awt/Conditional;Ljava/awt/Component;)V+26
j  java.awt.EventDispatchThread.pumpEvents(ILjava/awt/Conditional;)V+4
j  java.awt.EventDispatchThread.pumpEvents(Ljava/awt/Conditional;)V+3
j  java.awt.EventDispatchThread.run()V+9
v  ~StubRoutines::call_stub

---------------  P R O C E S S  ---------------

Java Threads: ( => current thread )
  0x0ee73450 JavaThread "Active Reference Queue Daemon" daemon [_thread_blocked, id=4060]
  0x0ed53718 JavaThread "Timer-7" daemon [_thread_blocked, id=4044]
  0x0ec40028 JavaThread "Prefs Updater" [_thread_blocked, id=2512]
  0x0e5dac70 JavaThread "Timer-6" [_thread_blocked, id=1724]
  0x0e4b5e60 JavaThread "Timer-3" [_thread_blocked, id=3724]
  0x0e70df08 JavaThread "Timer-2" daemon [_thread_blocked, id=4052]
  0x0e577d40 JavaThread "TimerQueue" daemon [_thread_blocked, id=3860]
=>0x0e4ebd78 JavaThread "AWT-EventQueue-0" [_thread_in_native, id=3316]
  0x0e4f8630 JavaThread "AWT-Shutdown" [_thread_blocked, id=3280]
  0x0e166498 JavaThread "Java2D Disposer" daemon [_thread_blocked, id=2964]
  0x0e670d50 JavaThread "Timer-0" [_thread_blocked, id=2680]
  0x0e12b490 JavaThread "AWT-Windows" daemon [_thread_in_native, id=3120]
  0x03d48240 JavaThread "Low Memory Detector" daemon [_thread_blocked, id=184]
  0x03d46eb0 JavaThread "CompilerThread0" daemon [_thread_blocked, id=1428]
  0x03d462f0 JavaThread "Signal Dispatcher" daemon [_thread_blocked, id=228]
  0x03d3c448 JavaThread "Finalizer" daemon [_thread_blocked, id=176]
  0x03d3b990 JavaThread "Reference Handler" daemon [_thread_blocked, id=156]
  0x015ab740 JavaThread "main" [_thread_in_native, id=3260]

Other Threads:
  0x03cfc840 VMThread [id=2936]
  0x03d440a8 WatcherThread [id=1336]

VM state:not at safepoint (normal execution)

VM Mutex/Monitor currently owned by a thread:  ([mutex/lock_event])
[0x015ab1a8/0x000005c4] Safepoint_lock - owner thread: 0x03cfc840
[0x015ab1d8/0x000005bc] Threads_lock - owner thread: 0x03cfc840

Heap
 def new generation   total 14784K, used 11761K [0x05d80000, 0x06d80000, 0x07580000)
  eden space 13184K,  88% used [0x05d80000, 0x068edd60, 0x06a60000)
  from space 1600K,   3% used [0x06bf0000, 0x06bfe8f8, 0x06d80000)
  to   space 1600K,   0% used [0x06a60000, 0x06a60000, 0x06bf0000)
 tenured generation   total 49152K, used 34164K [0x07580000, 0x0a580000, 0x0bd80000)
   the space 49152K,  69% used [0x07580000, 0x096dd1e0, 0x096dd200, 0x0a580000)
 compacting perm gen  total 32768K, used 22340K [0x0bd80000, 0x0dd80000, 0x0dd80000)
   the space 32768K,  68% used [0x0bd80000, 0x0d351230, 0x0d351400, 0x0dd80000)
No shared spaces configured.

Dynamic libraries:
0x00400000 - 0x004ee000 	C:\Program Files\MATLAB\R2007a\bin\win32\MATLAB.exe
0x7c900000 - 0x7c9b0000 	C:\WINNT\system32\ntdll.dll
0x7c800000 - 0x7c8f4000 	C:\WINNT\system32\kernel32.dll
0x78e80000 - 0x79088000 	C:\Program Files\MATLAB\R2007a\bin\win32\libmwservices.dll
0x7e410000 - 0x7e4a0000 	C:\WINNT\system32\USER32.dll
0x77f10000 - 0x77f57000 	C:\WINNT\system32\GDI32.dll
0x763b0000 - 0x763f9000 	C:\WINNT\system32\comdlg32.dll
0x77f60000 - 0x77fd6000 	C:\WINNT\system32\SHLWAPI.dll
0x77dd0000 - 0x77e6b000 	C:\WINNT\system32\ADVAPI32.dll
0x77e70000 - 0x77f01000 	C:\WINNT\system32\RPCRT4.dll
0x77c10000 - 0x77c68000 	C:\WINNT\system32\msvcrt.dll
0x5d090000 - 0x5d12a000 	C:\WINNT\system32\COMCTL32.dll
0x7c9c0000 - 0x7d1d5000 	C:\WINNT\system32\SHELL32.dll
0x78530000 - 0x7857c000 	C:\Program Files\MATLAB\R2007a\bin\win32\libmx.dll
0x78200000 - 0x78298000 	C:\Program Files\MATLAB\R2007a\bin\win32\icuuc32.dll
0x10000000 - 0x10006000 	C:\Program Files\MATLAB\R2007a\bin\win32\icudt32.dll
0x78130000 - 0x781cb000 	C:\WINNT\WinSxS\x86_Microsoft.VC80.CRT_1fc8b3b9a1e18e3b_8.0.50727.163_x-ww_681e29fb\MSVCR80.dll
0x78460000 - 0x7846e000 	C:\Program Files\MATLAB\R2007a\bin\win32\libz.dll
0x78470000 - 0x7852e000 	C:\Program Files\MATLAB\R2007a\bin\win32\libut.dll
0x00280000 - 0x00335000 	C:\Program Files\MATLAB\R2007a\bin\win32\icuin32.dll
0x00350000 - 0x0035c000 	C:\Program Files\MATLAB\R2007a\bin\win32\icuio32.dll
0x7c420000 - 0x7c4a7000 	C:\WINNT\WinSxS\x86_Microsoft.VC80.CRT_1fc8b3b9a1e18e3b_8.0.50727.163_x-ww_681e29fb\MSVCP80.dll
0x76c90000 - 0x76cb8000 	C:\WINNT\system32\imagehlp.dll
0x79730000 - 0x79789000 	C:\Program Files\MATLAB\R2007a\bin\win32\libmwmathutil.dll
0x785b0000 - 0x785c8000 	C:\Program Files\MATLAB\R2007a\bin\win32\mpath.dll
0x5b860000 - 0x5b8b4000 	C:\WINNT\system32\NETAPI32.dll
0x71ab0000 - 0x71ac7000 	C:\WINNT\system32\WS2_32.dll
0x71aa0000 - 0x71aa8000 	C:\WINNT\system32\WS2HELP.dll
0x79540000 - 0x79575000 	C:\Program Files\MATLAB\R2007a\bin\win32\mcr.dll
0x774e0000 - 0x7761d000 	C:\WINNT\system32\ole32.dll
0x78580000 - 0x78590000 	C:\Program Files\MATLAB\R2007a\bin\win32\libmex.dll
0x78750000 - 0x7879d000 	C:\Program Files\MATLAB\R2007a\bin\win32\m_dispatcher.dll
0x782a0000 - 0x7845b000 	C:\Program Files\MATLAB\R2007a\bin\win32\xerces-c_2_6.dll
0x78e60000 - 0x78e7c000 	C:\Program Files\MATLAB\R2007a\bin\win32\datasvcs.dll
0x79290000 - 0x79353000 	C:\Program Files\MATLAB\R2007a\bin\win32\libmwgui.dll
0x786c0000 - 0x78749000 	C:\Program Files\MATLAB\R2007a\bin\win32\udd.dll
0x785d0000 - 0x786b5000 	C:\Program Files\MATLAB\R2007a\bin\win32\mcos.dll
0x787a0000 - 0x78c01000 	C:\Program Files\MATLAB\R2007a\bin\win32\m_interpreter.dll
0x79790000 - 0x79799000 	C:\Program Files\MATLAB\R2007a\bin\win32\libmwmathrng.dll
0x78e20000 - 0x78e31000 	C:\Program Files\MATLAB\R2007a\bin\win32\m_pcodeio.dll
0x00d30000 - 0x00d3a000 	C:\Program Files\MATLAB\R2007a\bin\win32\mtok.dll
0x78c10000 - 0x78db7000 	C:\Program Files\MATLAB\R2007a\bin\win32\m_parser.dll
0x78dc0000 - 0x78df1000 	C:\Program Files\MATLAB\R2007a\bin\win32\m_ir.dll
0x78e40000 - 0x78e4c000 	C:\Program Files\MATLAB\R2007a\bin\win32\ir_xfmr.dll
0x00d80000 - 0x00db0000 	C:\Program Files\MATLAB\R2007a\bin\win32\profiler.dll
0x78590000 - 0x785ac000 	C:\Program Files\MATLAB\R2007a\bin\win32\libmat.dll
0x00dd0000 - 0x00e98000 	C:\Program Files\MATLAB\R2007a\bin\win32\libhdf5.dll
0x78e00000 - 0x78e15000 	C:\Program Files\MATLAB\R2007a\bin\win32\m_pcodegen.dll
0x7a020000 - 0x7a038000 	C:\Program Files\MATLAB\R2007a\bin\win32\bridge.dll
0x00ec0000 - 0x00ecf000 	C:\Program Files\MATLAB\R2007a\bin\win32\iqm.dll
0x79f80000 - 0x79fca000 	C:\Program Files\MATLAB\R2007a\bin\win32\comcli.dll
0x77120000 - 0x771ac000 	C:\WINNT\system32\OLEAUT32.dll
0x79f40000 - 0x79f77000 	C:\Program Files\MATLAB\R2007a\bin\win32\jmi.dll
0x71ad0000 - 0x71ad9000 	C:\WINNT\system32\WSOCK32.dll
0x791b0000 - 0x79231000 	C:\Program Files\MATLAB\R2007a\bin\win32\uiw.dll
0x79240000 - 0x79273000 	C:\Program Files\MATLAB\R2007a\bin\win32\libuij.dll
0x79510000 - 0x7953c000 	C:\Program Files\MATLAB\R2007a\bin\win32\libmwhardcopy.dll
0x79280000 - 0x79289000 	C:\Program Files\MATLAB\R2007a\bin\win32\uinone.dll
0x00f40000 - 0x0104d000 	C:\WINNT\WinSxS\x86_Microsoft.VC80.MFC_1fc8b3b9a1e18e3b_8.0.50727.42_x-ww_dec6ddd2\MFC80.DLL
0x73000000 - 0x73026000 	C:\WINNT\system32\WINSPOOL.DRV
0x7c630000 - 0x7c64b000 	C:\WINNT\WinSxS\x86_Microsoft.VC80.ATL_1fc8b3b9a1e18e3b_8.0.50727.42_x-ww_6e805841\ATL80.DLL
0x79ec0000 - 0x79ed4000 	C:\Program Files\MATLAB\R2007a\bin\win32\mwoles05.DLL
0x79ee0000 - 0x79f3b000 	C:\Program Files\MATLAB\R2007a\bin\win32\udd_mi.dll
0x79fd0000 - 0x79fdb000 	C:\Program Files\MATLAB\R2007a\bin\win32\mlautoregister.dll
0x79360000 - 0x794c3000 	C:\Program Files\MATLAB\R2007a\bin\win32\hg.dll
0x79580000 - 0x79725000 	C:\Program Files\MATLAB\R2007a\bin\win32\numerics.dll
0x79dd0000 - 0x79dd7000 	C:\Program Files\MATLAB\R2007a\bin\win32\libmwamd.dll
0x79de0000 - 0x79e38000 	C:\Program Files\MATLAB\R2007a\bin\win32\libmwcholmod.dll
0x79e40000 - 0x79e47000 	C:\Program Files\MATLAB\R2007a\bin\win32\libmwcolamd.dll
0x797a0000 - 0x797c3000 	C:\Program Files\MATLAB\R2007a\bin\win32\libmwlapack.dll
0x79810000 - 0x79897000 	C:\Program Files\MATLAB\R2007a\bin\win32\libfftw3.dll
0x798a0000 - 0x7993b000 	C:\Program Files\MATLAB\R2007a\bin\win32\libfftw3f.dll
0x79e50000 - 0x79ebc000 	C:\Program Files\MATLAB\R2007a\bin\win32\libmwumfpack.dll
0x76390000 - 0x763ad000 	C:\WINNT\system32\IMM32.DLL
0x773d0000 - 0x774d3000 	C:\WINNT\WinSxS\x86_Microsoft.Windows.Common-Controls_6595b64144ccf1df_6.0.2600.2982_x-ww_ac3f9c03\comctl32.dll
0x5d360000 - 0x5d36e000 	C:\WINNT\WinSxS\x86_Microsoft.VC80.MFCLOC_1fc8b3b9a1e18e3b_8.0.50727.42_x-ww_3415f6d0\MFC80ENU.DLL
0x7bdf0000 - 0x7be25000 	C:\Program Files\MATLAB\R2007a\bin\win32\libguide40.dll
0x797d0000 - 0x797f8000 	C:\Program Files\MATLAB\R2007a\bin\win32\mkl.dll
0x79800000 - 0x79805000 	C:\Program Files\MATLAB\R2007a\bin\win32\mklcompat.dll
0x79940000 - 0x79dc3000 	C:\Program Files\MATLAB\R2007a\bin\win32\mllapack.dll
0x02450000 - 0x024fa000 	C:\Program Files\MATLAB\R2007a\bin\win32\libifcoremd.dll
0x02500000 - 0x02730000 	C:\Program Files\MATLAB\R2007a\bin\win32\libmmd.dll
0x74720000 - 0x7476b000 	C:\WINNT\system32\MSCTF.dll
0x755c0000 - 0x755ee000 	C:\WINNT\system32\msctfime.ime
0x74290000 - 0x74294000 	C:\WINNT\system32\icmp.Dll
0x76d60000 - 0x76d79000 	C:\WINNT\system32\iphlpapi.dll
0x6d6c0000 - 0x6d857000 	C:\Program Files\MATLAB\R2007a\sys\java\jre\win32\jre1.5.0_07\bin\client\jvm.dll
0x76b40000 - 0x76b6d000 	C:\WINNT\system32\WINMM.dll
0x6d280000 - 0x6d288000 	C:\Program Files\MATLAB\R2007a\sys\java\jre\win32\jre1.5.0_07\bin\hpi.dll
0x76bf0000 - 0x76bfb000 	C:\WINNT\system32\PSAPI.DLL
0x6d690000 - 0x6d69c000 	C:\Program Files\MATLAB\R2007a\sys\java\jre\win32\jre1.5.0_07\bin\verify.dll
0x6d300000 - 0x6d31d000 	C:\Program Files\MATLAB\R2007a\sys\java\jre\win32\jre1.5.0_07\bin\java.dll
0x6d6b0000 - 0x6d6bf000 	C:\Program Files\MATLAB\R2007a\sys\java\jre\win32\jre1.5.0_07\bin\zip.dll
0x6d000000 - 0x6d167000 	C:\Program Files\MATLAB\R2007a\sys\java\jre\win32\jre1.5.0_07\bin\awt.dll
0x7b330000 - 0x7b342000 	C:\Program Files\MATLAB\R2007a\bin\win32\nativejava.dll
0x0f010000 - 0x0f023000 	C:\Program Files\MATLAB\R2007a\bin\win32\nativejmi.dll
0x0ef00000 - 0x0ef06000 	C:\Program Files\MATLAB\R2007a\bin\win32\nativeservices.dll
0x6d240000 - 0x6d27f000 	C:\Program Files\MATLAB\R2007a\sys\java\jre\win32\jre1.5.0_07\bin\fontmanager.dll
0x6d4c0000 - 0x6d4d3000 	C:\Program Files\MATLAB\R2007a\sys\java\jre\win32\jre1.5.0_07\bin\net.dll
0x6d4e0000 - 0x6d4e9000 	C:\Program Files\MATLAB\R2007a\sys\java\jre\win32\jre1.5.0_07\bin\nio.dll
0x7b350000 - 0x7b356000 	C:\Program Files\MATLAB\R2007a\bin\win32\nativelex.dll
0x0ef50000 - 0x0ef5c000 	C:\Program Files\MATLAB\R2007a\bin\win32\nativecmdwin.dll
0x605d0000 - 0x605d9000 	C:\WINNT\system32\mslbui.dll
0x6d1c0000 - 0x6d1e3000 	C:\Program Files\MATLAB\R2007a\sys\java\jre\win32\jre1.5.0_07\bin\dcpr.dll
0x4f480000 - 0x4f53a000 	C:\WINNT\System32\spool\DRIVERS\W32X86\3\unidrvui.dll
0x77c00000 - 0x77c08000 	C:\WINNT\system32\VERSION.dll
0x79090000 - 0x791a3000 	C:\Program Files\MATLAB\R2007a\bin\win32\libmwbuiltins.dll
0x77b40000 - 0x77b62000 	C:\WINNT\system32\Apphelp.dll
0x0fe20000 - 0x0fe2b000 	C:\Program Files\MATLAB\R2007a\toolbox\matlab\iofun\dataread.mexw32
0x0fe80000 - 0x0fe86000 	C:\Program Files\MATLAB\R2007a\toolbox\matlab\winfun\winqueryreg.mexw32
0x71a50000 - 0x71a8f000 	C:\WINNT\System32\mswsock.dll
0x76f20000 - 0x76f47000 	C:\WINNT\system32\DNSAPI.dll
0x76fb0000 - 0x76fb8000 	C:\WINNT\System32\winrnr.dll
0x76f60000 - 0x76f8c000 	C:\WINNT\system32\WLDAP32.dll
0x76fc0000 - 0x76fc6000 	C:\WINNT\system32\rasadhlp.dll
0x662b0000 - 0x66308000 	C:\WINNT\system32\hnetcfg.dll
0x71a90000 - 0x71a98000 	C:\WINNT\System32\wshtcpip.dll
0x0ff50000 - 0x0ff56000 	C:\Program Files\MATLAB\R2007a\toolbox\matlab\datatypes\private\typecastc.mexw32
0x77920000 - 0x77a13000 	C:\WINNT\system32\SETUPAPI.dll
0x76fd0000 - 0x7704f000 	C:\WINNT\system32\CLBCATQ.DLL
0x77050000 - 0x77115000 	C:\WINNT\system32\COMRes.dll
0x7a2a0000 - 0x7ac93000 	C:\Program Files\MATLAB\R2007a\bin\win32\libmwsimulink.dll
0x11760000 - 0x117f4000 	C:\Program Files\MATLAB\R2007a\bin\win32\rtwcg.dll
0x7b060000 - 0x7b32a000 	C:\Program Files\MATLAB\R2007a\bin\win32\cg_ir.dll
0x6e600000 - 0x6e645000 	C:\Program Files\MATLAB\R2007a\bin\win32\gmp.dll
0x7acf0000 - 0x7ad34000 	C:\Program Files\MATLAB\R2007a\bin\win32\libfixedpoint.dll
0x11610000 - 0x11685000 	C:\Program Files\MATLAB\R2007a\bin\win32\rtw_core.dll
0x7a040000 - 0x7a29f000 	C:\Program Files\MATLAB\R2007a\bin\win32\dastudio.dll

VM Arguments:
jvm_args: -Xss512k -XX:PermSize=32M -Xms64m -XX:NewRatio=3 -XX:MaxPermSize=32M -Xmx96m -Dsun.java2d.noddraw=true -Dsun.awt.nopixfmt=true -Xshare:off -Djava.library.path=C:\Program Files\MATLAB\R2007a\bin\win32 vfprintf abort
java_command: <unknown>
Launcher Type: generic

Environment Variables:
PATH=C:\WINNT\system32;C:\WINNT;C:\WINNT\system32\wbem;c:\program files\ati technologies\ati control panel;c:\program files\common files\mototron\server;c:\program files\common files\mototron\shared;C:\Program Files\MATLAB\R2007a\bin;C:\Program Files\MATLAB\R2007a\bin\win32;C:\Program Files\MotoTron\MotoHawk\;C:\Program Files\MotoTron\MotoHawk\MinGW\bin
USERNAME=Controls
OS=Windows_NT
PROCESSOR_IDENTIFIER=x86 Family 15 Model 2 Stepping 7, GenuineIntel



---------------  S Y S T E M  ---------------

OS: Windows XP Build 2600 Service Pack 2

CPU:total 1 family 15, cmov, cx8, fxsr, mmx, sse, sse2, ht

Memory: 4k page, physical 523760k(150428k free), swap 1279892k(814988k free)

vm_info: Java HotSpot(TM) Client VM (1.5.0_07-b03) for windows-x86, built on May  3 2006 01:04:38 by "java_re" with MS VC++ 6.0

