<?xml version="1.0" encoding="utf-8"?>
<Application_Log xmlns:xsi="http://www.w3.org/2001/XMLSchema-instance" xmlns:xsd="http://www.w3.org/2001/XMLSchema">
  <Errors>0</Errors>
  <Warnings>0</Warnings>
  <Messages>
    <Message>
      <Category>Detail</Category>
      <TimeStamp>2019-04-29T19:23:16.6471476-05:00</TimeStamp>
      <Text>Loading MotoTuneDll xml format: C:\Users\maxar\Documents\GitHub\Wisconsin-Hybrid\BuckyWagon_01\BuckyWagon_01_Build\TDB\BuckyWago_187.xml</Text>
    </Message>
    <Message>
      <Category>Detail</Category>
      <TimeStamp>2019-04-29T19:23:17.3822945-05:00</TimeStamp>
      <Text>Generating ASAP2 objects</Text>
    </Message>
    <Message>
      <Category>Detail</Category>
      <TimeStamp>2019-04-29T19:23:17.6683504-05:00</TimeStamp>
      <Text>Creating Address Updater: VirtualCalSpace</Text>
    </Message>
    <Message>
      <Category>Detail</Category>
      <TimeStamp>2019-04-29T19:23:17.6781118-05:00</TimeStamp>
      <Text>Updating ASAP2 addresses</Text>
    </Message>
    <Message>
      <Category>Detail</Category>
      <TimeStamp>2019-04-29T19:23:17.7640262-05:00</TimeStamp>
      <Text>Saving ASAP2 file: C:\Users\maxar\Documents\GitHub\Wisconsin-Hybrid\BuckyWagon_01\BuckyWagon_01_Build\TDB\BuckyWago_187.a2l</Text>
    </Message>
    <Message>
      <Category>Detail</Category>
      <TimeStamp>2019-04-29T19:23:18.4386432-05:00</TimeStamp>
      <Text>Loading transform: C:\Program Files (x86)\Woodward\MCS\MotoHawk\2011a_sp0.184\Bin\ASAP2.xslt</Text>
    </Message>
    <Message>
      <Category>Detail</Category>
      <TimeStamp>2019-04-29T19:23:20.130557-05:00</TimeStamp>
      <Text>Generated 475 Measurements</Text>
    </Message>
    <Message>
      <Category>Detail</Category>
      <TimeStamp>2019-04-29T19:23:20.130557-05:00</TimeStamp>
      <Text>Generated 783 Characteristics</Text>
    </Message>
  </Messages>
</Application_Log>