<?xml version="1.0" encoding="utf-8"?>
<Application_Log xmlns:xsi="http://www.w3.org/2001/XMLSchema-instance" xmlns:xsd="http://www.w3.org/2001/XMLSchema">
  <Errors>0</Errors>
  <Warnings>0</Warnings>
  <Messages>
    <Message>
      <Category>Detail</Category>
      <TimeStamp>2018-09-07T11:03:18.2699627-05:00</TimeStamp>
      <Text>Loading MotoTuneDll xml format: C:\Users\maxar\Documents\GitHub\Wisconsin-Hybrid\EngineController_Rev1\BaseEngineController_A02_Build\TDB\BaseEngin_134.xml</Text>
    </Message>
    <Message>
      <Category>Detail</Category>
      <TimeStamp>2018-09-07T11:03:19.049978-05:00</TimeStamp>
      <Text>Generating ASAP2 objects</Text>
    </Message>
    <Message>
      <Category>Detail</Category>
      <TimeStamp>2018-09-07T11:03:19.4417294-05:00</TimeStamp>
      <Text>Creating Address Updater: VirtualCalSpace</Text>
    </Message>
    <Message>
      <Category>Detail</Category>
      <TimeStamp>2018-09-07T11:03:19.4487161-05:00</TimeStamp>
      <Text>Updating ASAP2 addresses</Text>
    </Message>
    <Message>
      <Category>Detail</Category>
      <TimeStamp>2018-09-07T11:03:19.5370492-05:00</TimeStamp>
      <Text>Saving ASAP2 file: C:\Users\maxar\Documents\GitHub\Wisconsin-Hybrid\EngineController_Rev1\BaseEngineController_A02_Build\TDB\BaseEngin_134.a2l</Text>
    </Message>
    <Message>
      <Category>Detail</Category>
      <TimeStamp>2018-09-07T11:03:19.9951749-05:00</TimeStamp>
      <Text>Loading transform: C:\Program Files (x86)\Woodward\MCS\MotoHawk\2011a_sp0.184\Bin\ASAP2.xslt</Text>
    </Message>
    <Message>
      <Category>Detail</Category>
      <TimeStamp>2018-09-07T11:03:21.5217666-05:00</TimeStamp>
      <Text>Generated 552 Measurements</Text>
    </Message>
    <Message>
      <Category>Detail</Category>
      <TimeStamp>2018-09-07T11:03:21.5217666-05:00</TimeStamp>
      <Text>Generated 1818 Characteristics</Text>
    </Message>
  </Messages>
</Application_Log>