<?xml version="1.0" encoding="utf-8"?>
<Application_Log xmlns:xsi="http://www.w3.org/2001/XMLSchema-instance" xmlns:xsd="http://www.w3.org/2001/XMLSchema">
  <Errors>0</Errors>
  <Warnings>0</Warnings>
  <Messages>
    <Message>
      <Category>Detail</Category>
      <TimeStamp>2018-08-25T19:56:32.7709193-04:00</TimeStamp>
      <Text>Loading MotoTuneDll xml format: C:\Users\maxar\Documents\GitHub\Wisconsin-Hybrid\EngineController_Rev1\BaseEngineController_A02_Build\TDB\BaseEngin_133.xml</Text>
    </Message>
    <Message>
      <Category>Detail</Category>
      <TimeStamp>2018-08-25T19:56:33.1077112-04:00</TimeStamp>
      <Text>Generating ASAP2 objects</Text>
    </Message>
    <Message>
      <Category>Detail</Category>
      <TimeStamp>2018-08-25T19:56:33.300592-04:00</TimeStamp>
      <Text>Creating Address Updater: VirtualCalSpace</Text>
    </Message>
    <Message>
      <Category>Detail</Category>
      <TimeStamp>2018-08-25T19:56:33.3035903-04:00</TimeStamp>
      <Text>Updating ASAP2 addresses</Text>
    </Message>
    <Message>
      <Category>Detail</Category>
      <TimeStamp>2018-08-25T19:56:33.3465628-04:00</TimeStamp>
      <Text>Saving ASAP2 file: C:\Users\maxar\Documents\GitHub\Wisconsin-Hybrid\EngineController_Rev1\BaseEngineController_A02_Build\TDB\BaseEngin_133.a2l</Text>
    </Message>
    <Message>
      <Category>Detail</Category>
      <TimeStamp>2018-08-25T19:56:33.6783587-04:00</TimeStamp>
      <Text>Loading transform: C:\Program Files (x86)\Woodward\MCS\MotoHawk\2011a_sp0.184\Bin\ASAP2.xslt</Text>
    </Message>
    <Message>
      <Category>Detail</Category>
      <TimeStamp>2018-08-25T19:56:34.4658705-04:00</TimeStamp>
      <Text>Generated 552 Measurements</Text>
    </Message>
    <Message>
      <Category>Detail</Category>
      <TimeStamp>2018-08-25T19:56:34.4658705-04:00</TimeStamp>
      <Text>Generated 1818 Characteristics</Text>
    </Message>
  </Messages>
</Application_Log>